<?xml version="1.0" encoding="UTF-8"?>
<testng-results ignored="2" total="3" passed="1" failed="0" skipped="0">
  <reporter-output>
  </reporter-output>
  <suite started-at="2024-10-03T22:08:20 IST" name="All Test Suite" finished-at="2024-10-03T22:08:25 IST" duration-ms="5068">
    <groups>
    </groups>
    <test started-at="2024-10-03T22:08:20 IST" name="/Users/shrinivaslondhe/MyFramework/src/test/java/testCases/test.java" finished-at="2024-10-03T22:08:25 IST" duration-ms="5068">
      <class name="testCases.TC001">
        <test-method signature="test2()[pri:0, instance:testCases.TC001@503d687a]" started-at="2024-10-03T22:08:20 IST" name="test2" finished-at="2024-10-03T22:08:25 IST" duration-ms="5032" status="PASS">
          <reporter-output>
          </reporter-output>
        </test-method> <!-- test2 -->
      </class> <!-- testCases.TC001 -->
    </test> <!-- /Users/shrinivaslondhe/MyFramework/src/test/java/testCases/test.java -->
  </suite> <!-- All Test Suite -->
</testng-results>
