<?xml version="1.0" encoding="UTF-8"?>
<!-- Generated by org.testng.reporters.JUnitXMLReporter -->
<testsuite ignored="2" hostname="Shrinivass-MacBook-Pro.local" failures="0" tests="1" name="/Users/shrinivaslondhe/MyFramework/src/test/java/testCases/test.java" time="5.068" errors="0" timestamp="2024-10-03T22:08:25 IST">
  <testcase classname="testCases.TC001" name="test2" time="5.032"/>
  <testcase classname="base.TestBase" name="play" time="0.0">
    <ignored/>
  </testcase> <!-- play -->
  <testcase classname="base.TestBase" name="test" time="0.0">
    <ignored/>
  </testcase> <!-- test -->
</testsuite> <!-- /Users/shrinivaslondhe/MyFramework/src/test/java/testCases/test.java -->
